
> web@0.1.0 build D:\antrosys_erp\apps\web
> next build

  ▲ Next.js 14.2.35
  - Environments: .env

   Creating an optimized production build ...
 ✓ Compiled successfully
   Linting and checking validity of types ...
   Collecting page data ...
   Generating static pages (0/30) ...
   Generating static pages (7/30) 
   Generating static pages (14/30) 
   Generating static pages (22/30) 
 ✓ Generating static pages (30/30)
   Finalizing page optimization ...
   Collecting build traces ...

Route (app)                              Size     First Load JS
┌ ○ /                                    181 B            88 kB
├ ○ /_not-found                          181 B            88 kB
├ ○ /admin/users                         181 B            88 kB
├ ƒ /api/auth/[...nextauth]              0 B                0 B
├ ○ /biz_intel                           11.1 kB         132 kB
├ ○ /ceo                                 7.34 kB         129 kB
├ ○ /cfo                                 7.3 kB          129 kB
├ ○ /clients                             6.95 kB        94.8 kB
├ ○ /documents                           8.02 kB        95.8 kB
├ ○ /employee                            4.25 kB          92 kB
├ ○ /employee/employee_profile_personal  13.9 kB         175 kB
├ ○ /finance/invoices                    181 B            88 kB
├ ○ /finance/payroll                     181 B            88 kB
├ ○ /hr                                  10.1 kB         159 kB
├ ○ /hr/employees                        2.9 kB         90.7 kB
├ ○ /hr/recruitment                      180 B            88 kB
├ ○ /invoice                             10.9 kB        98.7 kB
├ ○ /kpi                                 5.21 kB          93 kB
├ ○ /leave                               181 B            88 kB
├ ○ /ledger                              181 B            88 kB
├ ○ /login                               3.14 kB         131 kB
├ ○ /manager                             11 kB           149 kB
├ ○ /onboard                             7.79 kB        95.6 kB
├ ○ /operations                          3.76 kB        91.6 kB
├ ○ /operations/attendance               181 B            88 kB
├ ○ /operations/leave                    181 B            88 kB
├ ○ /payroll                             5.69 kB        93.5 kB
├ ○ /recruit                             8.33 kB         120 kB
└ ○ /reports                             181 B            88 kB
+ First Load JS shared by all            87.8 kB
  ├ chunks/2749-ab9e7395357b7d3c.js      31.9 kB
  ├ chunks/5b8f0dd8-8ebc289bb546463a.js  53.6 kB
  └ other shared chunks (total)          2.25 kB


ƒ Middleware                             47.7 kB

○  (Static)   prerendered as static content
ƒ  (Dynamic)  server-rendered on demand

